TN:
SF:/home/adam/Projects/email2rss/jest.setup.js
FNF:0
FNH:0
DA:6,4
LF:1
LH:1
BRF:0
BRH:0
end_of_record
TN:
SF:/home/adam/Projects/email2rss/src/components/Button/Button.js
FN:8,(anonymous_0)
FNF:1
FNH:1
FNDA:2,(anonymous_0)
DA:8,2
DA:9,2
DA:12,2
LF:3
LH:3
BRF:0
BRH:0
end_of_record
TN:
SF:/home/adam/Projects/email2rss/src/components/Input/Input.js
FN:7,(anonymous_0)
FNF:1
FNH:1
FNDA:4,(anonymous_0)
DA:7,2
DA:8,4
DA:15,2
LF:3
LH:3
BRF:0
BRH:0
end_of_record
TN:
SF:/home/adam/Projects/email2rss/src/components/SignUp/SignUp.js
FN:7,(anonymous_0)
FN:19,(anonymous_1)
FNF:2
FNH:1
FNDA:0,(anonymous_0)
FNDA:1,(anonymous_1)
DA:8,0
DA:10,0
DA:12,0
DA:13,0
DA:16,0
DA:20,1
LF:6
LH:1
BRDA:10,0,0,0
BRDA:10,0,1,0
BRF:2
BRH:0
end_of_record
TN:
SF:/home/adam/Projects/email2rss/src/server/services/users.service.js
FN:5,(anonymous_0)
FN:8,(anonymous_1)
FNF:2
FNH:1
FNDA:1,(anonymous_0)
FNDA:0,(anonymous_1)
DA:6,1
DA:9,0
LF:2
LH:1
BRF:0
BRH:0
end_of_record
